#
# There is insufficient memory for the Java Runtime Environment to continue.
# Native memory allocation (mmap) failed to map 262144 bytes for committing reserved memory.
# Possible reasons:
#   The system is out of physical RAM or swap space
#   In 32 bit mode, the process size limit was hit
# Possible solutions:
#   Reduce memory load on the system
#   Increase physical memory or swap space
#   Check if swap backing store is full
#   Use 64 bit Java on a 64 bit OS
#   Decrease Java heap size (-Xmx/-Xms)
#   Decrease number of Java threads
#   Decrease Java thread stack sizes (-Xss)
#   Set larger code cache with -XX:ReservedCodeCacheSize=
# This output file may be truncated or incomplete.
#
#  Out of Memory Error (os_linux.cpp:2743), pid=4773, tid=0x00007f004e9e3700
#
# JRE version: Java(TM) SE Runtime Environment (8.0_191-b12) (build 1.8.0_191-b12)
# Java VM: Java HotSpot(TM) 64-Bit Server VM (25.191-b12 mixed mode linux-amd64 compressed oops)
# Failed to write core dump. Core dumps have been disabled. To enable core dumping, try "ulimit -c unlimited" before starting Java again
#

---------------  T H R E A D  ---------------

Current thread (0x00007f006c683800):  JavaThread "Exec Default Executor" daemon [_thread_in_vm, id=4794, stack(0x00007f004e8e3000,0x00007f004e9e4000)]

Stack: [0x00007f004e8e3000,0x00007f004e9e4000],  sp=0x00007f004e9e2350,  free space=1020k
Native frames: (J=compiled Java code, j=interpreted, Vv=VM code, C=native code)
V  [libjvm.so+0xace425]  VMError::report_and_die()+0x2c5
V  [libjvm.so+0x4deb77]  report_vm_out_of_memory(char const*, int, unsigned long, VMErrorType, char const*)+0x67
V  [libjvm.so+0x90c570]  os::pd_commit_memory(char*, unsigned long, unsigned long, bool)+0x100
V  [libjvm.so+0x903eaf]  os::commit_memory(char*, unsigned long, unsigned long, bool)+0x1f
V  [libjvm.so+0xacaec0]  VirtualSpace::expand_by(unsigned long, bool)+0x140
V  [libjvm.so+0x885799]  VirtualSpaceList::get_new_chunk(unsigned long, unsigned long)+0x1a9
V  [libjvm.so+0x8874cf]  SpaceManager::grow_and_allocate(unsigned long)+0x1ef
V  [libjvm.so+0x887dcb]  SpaceManager::allocate(unsigned long)+0x1db
V  [libjvm.so+0x888825]  Metaspace::allocate(ClassLoaderData*, unsigned long, bool, MetaspaceObj::Type, Thread*)+0x55
V  [libjvm.so+0x8a07c6]  MethodCounters::allocate(ClassLoaderData*, Thread*)+0x26
V  [libjvm.so+0x891c51]  Method::build_method_counters(Method*, Thread*)+0x41
V  [libjvm.so+0x67c783]  InterpreterRuntime::build_method_counters(JavaThread*, Method*)+0x23
j  java.lang.Thread.getUncaughtExceptionHandler()Ljava/lang/Thread$UncaughtExceptionHandler;+0
j  java.lang.Thread.dispatchUncaughtException(Ljava/lang/Throwable;)V+1
v  ~StubRoutines::call_stub
V  [libjvm.so+0x6852db]  JavaCalls::call_helper(JavaValue*, methodHandle*, JavaCallArguments*, Thread*)+0xddb
V  [libjvm.so+0x682ba3]  JavaCalls::call_virtual(JavaValue*, KlassHandle, Symbol*, Symbol*, JavaCallArguments*, Thread*)+0x263
V  [libjvm.so+0x6831c3]  JavaCalls::call_virtual(JavaValue*, Handle, KlassHandle, Symbol*, Symbol*, Handle, Thread*)+0x53
V  [libjvm.so+0xa765e5]  JavaThread::exit(bool, JavaThread::ExitType)+0x505
V  [libjvm.so+0xa76ee7]  JavaThread::thread_main_inner()+0x27
V  [libjvm.so+0xa7722f]  JavaThread::run()+0x25f
V  [libjvm.so+0x909c92]  java_start(Thread*)+0x102
C  [libpthread.so.0+0x76db]  start_thread+0xdb

Java frames: (J=compiled Java code, j=interpreted, Vv=VM code)
j  java.lang.Thread.getUncaughtExceptionHandler()Ljava/lang/Thread$UncaughtExceptionHandler;+0
j  java.lang.Thread.dispatchUncaughtException(Ljava/lang/Throwable;)V+1
v  ~StubRoutines::call_stub

---------------  P R O C E S S  ---------------

Java Threads: ( => current thread )
  0x00007f006c697800 JavaThread "UrlChecker-2" daemon [_thread_in_vm, id=4795, stack(0x00007f004e7e2000,0x00007f004e8e3000)]
=>0x00007f006c683800 JavaThread "Exec Default Executor" daemon [_thread_in_vm, id=4794, stack(0x00007f004e8e3000,0x00007f004e9e4000)]
  0x00007f006c31a000 JavaThread "ReaderThread" [_thread_in_native, id=4791, stack(0x00007f004f86c000,0x00007f004f96d000)]
  0x00007f006c0bf800 JavaThread "Service Thread" daemon [_thread_blocked, id=4787, stack(0x00007f004fcfd000,0x00007f004fdfe000)]
  0x00007f006c0b4800 JavaThread "C1 CompilerThread1" daemon [_thread_blocked, id=4786, stack(0x00007f004fdff000,0x00007f004feff000)]
  0x00007f006c0b2800 JavaThread "C2 CompilerThread0" daemon [_thread_blocked, id=4785, stack(0x00007f004ff00000,0x00007f0050000000)]
  0x00007f006c0b1000 JavaThread "Signal Dispatcher" daemon [_thread_blocked, id=4784, stack(0x00007f005c053000,0x00007f005c154000)]
  0x00007f006c07d800 JavaThread "Finalizer" daemon [_thread_blocked, id=4783, stack(0x00007f005cb23000,0x00007f005cc24000)]
  0x00007f006c07b000 JavaThread "Reference Handler" daemon [_thread_blocked, id=4782, stack(0x00007f005cc24000,0x00007f005cd25000)]
  0x00007f006c00c800 JavaThread "Forwarding newSession on session null to remote" [_thread_blocked, id=4780, stack(0x00007f0073ed7000,0x00007f0073fd7000)]

Other Threads:
  0x00007f006c071800 VMThread [stack: 0x00007f005cd26000,0x00007f005ce26000] [id=4781]
  0x00007f006c0c4800 WatcherThread [stack: 0x00007f004fbfd000,0x00007f004fcfd000] [id=4788]

VM state:synchronizing (normal execution)

VM Mutex/Monitor currently owned by a thread:  ([mutex/lock_event])
[0x00007f006c009290] Threads_lock - owner thread: 0x00007f006c071800

Heap:
 def new generation   total 19008K, used 2671K [0x00000000c2400000, 0x00000000c38a0000, 0x00000000d6d50000)
  eden space 16896K,   3% used [0x00000000c2400000, 0x00000000c248bde0, 0x00000000c3480000)
  from space 2112K, 100% used [0x00000000c3480000, 0x00000000c3690000, 0x00000000c3690000)
  to   space 2112K,   0% used [0x00000000c3690000, 0x00000000c3690000, 0x00000000c38a0000)
 tenured generation   total 42368K, used 5229K [0x00000000d6d50000, 0x00000000d96b0000, 0x0000000100000000)
   the space 42368K,  12% used [0x00000000d6d50000, 0x00000000d726b408, 0x00000000d726b600, 0x00000000d96b0000)
 Metaspace       used 16777K, capacity 17064K, committed 17280K, reserved 1064960K
  class space    used 2207K, capacity 2334K, committed 2432K, reserved 1048576K

Card table byte_map: [0x00007f00709c5000,0x00007f0070bb4000] byte_map_base: 0x00007f00703b3000

Polling page: 0x00007f0073fec000

CodeCache: size=245760Kb used=4605Kb max_used=4605Kb free=241155Kb
 bounds [0x00007f005d000000, 0x00007f005d490000, 0x00007f006c000000]
 total_blobs=1678 nmethods=1287 adapters=304
 compilation: enabled

Compilation events (10 events):
Event: 64.585 Thread 0x00007f006c0b4800 1324       3       jdk.internal.org.objectweb.asm.ClassWriter::newClass (9 bytes)
Event: 64.586 Thread 0x00007f006c0b4800 nmethod 1324 0x00007f005d15e7d0 code [0x00007f005d15e940, 0x00007f005d15eae0]
Event: 64.586 Thread 0x00007f006c0b4800 1326       3       sun.invoke.util.BytecodeDescriptor::unparseSig (75 bytes)
Event: 64.620 Thread 0x00007f006c0b4800 nmethod 1326 0x00007f005d4819d0 code [0x00007f005d481cc0, 0x00007f005d483428]
Event: 66.945 Thread 0x00007f006c0b4800 1330       3       java.lang.invoke.MemberName::getName (25 bytes)
Event: 68.230 Thread 0x00007f006c0b4800 nmethod 1330 0x00007f005d473690 code [0x00007f005d473820, 0x00007f005d473c40]
Event: 68.313 Thread 0x00007f006c0b4800 1334       3       jdk.internal.org.objectweb.asm.ByteVector::putInt (74 bytes)
Event: 68.446 Thread 0x00007f006c0b4800 nmethod 1334 0x00007f005d10d4d0 code [0x00007f005d10d640, 0x00007f005d10d8c0]
Event: 68.478 Thread 0x00007f006c0b4800 1331       3       java.util.Arrays::copyOfRange (11 bytes)
Event: 68.645 Thread 0x00007f006c0b4800 nmethod 1331 0x00007f005d113190 code [0x00007f005d113300, 0x00007f005d113500]

GC Heap History (8 events):
Event: 7.154 GC heap before
{Heap before GC invocations=0 (full 0):
 def new generation   total 19008K, used 16896K [0x00000000c2400000, 0x00000000c38a0000, 0x00000000d6d50000)
  eden space 16896K, 100% used [0x00000000c2400000, 0x00000000c3480000, 0x00000000c3480000)
  from space 2112K,   0% used [0x00000000c3480000, 0x00000000c3480000, 0x00000000c3690000)
  to   space 2112K,   0% used [0x00000000c3690000, 0x00000000c3690000, 0x00000000c38a0000)
 tenured generation   total 42368K, used 0K [0x00000000d6d50000, 0x00000000d96b0000, 0x0000000100000000)
   the space 42368K,   0% used [0x00000000d6d50000, 0x00000000d6d50000, 0x00000000d6d50200, 0x00000000d96b0000)
 Metaspace       used 8406K, capacity 8480K, committed 8704K, reserved 1056768K
  class space    used 965K, capacity 978K, committed 1024K, reserved 1048576K
Event: 7.263 GC heap after
Heap after GC invocations=1 (full 0):
 def new generation   total 19008K, used 2112K [0x00000000c2400000, 0x00000000c38a0000, 0x00000000d6d50000)
  eden space 16896K,   0% used [0x00000000c2400000, 0x00000000c2400000, 0x00000000c3480000)
  from space 2112K, 100% used [0x00000000c3690000, 0x00000000c38a0000, 0x00000000c38a0000)
  to   space 2112K,   0% used [0x00000000c3480000, 0x00000000c3480000, 0x00000000c3690000)
 tenured generation   total 42368K, used 1211K [0x00000000d6d50000, 0x00000000d96b0000, 0x0000000100000000)
   the space 42368K,   2% used [0x00000000d6d50000, 0x00000000d6e7ef68, 0x00000000d6e7f000, 0x00000000d96b0000)
 Metaspace       used 8406K, capacity 8480K, committed 8704K, reserved 1056768K
  class space    used 965K, capacity 978K, committed 1024K, reserved 1048576K
}
Event: 11.183 GC heap before
{Heap before GC invocations=1 (full 0):
 def new generation   total 19008K, used 19008K [0x00000000c2400000, 0x00000000c38a0000, 0x00000000d6d50000)
  eden space 16896K, 100% used [0x00000000c2400000, 0x00000000c3480000, 0x00000000c3480000)
  from space 2112K, 100% used [0x00000000c3690000, 0x00000000c38a0000, 0x00000000c38a0000)
  to   space 2112K,   0% used [0x00000000c3480000, 0x00000000c3480000, 0x00000000c3690000)
 tenured generation   total 42368K, used 1211K [0x00000000d6d50000, 0x00000000d96b0000, 0x0000000100000000)
   the space 42368K,   2% used [0x00000000d6d50000, 0x00000000d6e7ef68, 0x00000000d6e7f000, 0x00000000d96b0000)
 Metaspace       used 9696K, capacity 9798K, committed 10112K, reserved 1058816K
  class space    used 1302K, capacity 1331K, committed 1408K, reserved 1048576K
Event: 11.273 GC heap after
Heap after GC invocations=2 (full 0):
 def new generation   total 19008K, used 1565K [0x00000000c2400000, 0x00000000c38a0000, 0x00000000d6d50000)
  eden space 16896K,   0% used [0x00000000c2400000, 0x00000000c2400000, 0x00000000c3480000)
  from space 2112K,  74% used [0x00000000c3480000, 0x00000000c3607770, 0x00000000c3690000)
  to   space 2112K,   0% used [0x00000000c3690000, 0x00000000c3690000, 0x00000000c38a0000)
 tenured generation   total 42368K, used 2582K [0x00000000d6d50000, 0x00000000d96b0000, 0x0000000100000000)
   the space 42368K,   6% used [0x00000000d6d50000, 0x00000000d6fd5b50, 0x00000000d6fd5c00, 0x00000000d96b0000)
 Metaspace       used 9696K, capacity 9798K, committed 10112K, reserved 1058816K
  class space    used 1302K, capacity 1331K, committed 1408K, reserved 1048576K
}
Event: 15.067 GC heap before
{Heap before GC invocations=2 (full 0):
 def new generation   total 19008K, used 18461K [0x00000000c2400000, 0x00000000c38a0000, 0x00000000d6d50000)
  eden space 16896K, 100% used [0x00000000c2400000, 0x00000000c3480000, 0x00000000c3480000)
  from space 2112K,  74% used [0x00000000c3480000, 0x00000000c3607770, 0x00000000c3690000)
  to   space 2112K,   0% used [0x00000000c3690000, 0x00000000c3690000, 0x00000000c38a0000)
 tenured generation   total 42368K, used 2582K [0x00000000d6d50000, 0x00000000d96b0000, 0x0000000100000000)
   the space 42368K,   6% used [0x00000000d6d50000, 0x00000000d6fd5b50, 0x00000000d6fd5c00, 0x00000000d96b0000)
 Metaspace       used 12548K, capacity 12652K, committed 12800K, reserved 1060864K
  class space    used 1698K, capacity 1748K, committed 1792K, reserved 1048576K
Event: 15.098 GC heap after
Heap after GC invocations=3 (full 0):
 def new generation   total 19008K, used 2112K [0x00000000c2400000, 0x00000000c38a0000, 0x00000000d6d50000)
  eden space 16896K,   0% used [0x00000000c2400000, 0x00000000c2400000, 0x00000000c3480000)
  from space 2112K, 100% used [0x00000000c3690000, 0x00000000c38a0000, 0x00000000c38a0000)
  to   space 2112K,   0% used [0x00000000c3480000, 0x00000000c3480000, 0x00000000c3690000)
 tenured generation   total 42368K, used 3389K [0x00000000d6d50000, 0x00000000d96b0000, 0x0000000100000000)
   the space 42368K,   8% used [0x00000000d6d50000, 0x00000000d709f6b0, 0x00000000d709f800, 0x00000000d96b0000)
 Metaspace       used 12548K, capacity 12652K, committed 12800K, reserved 1060864K
  class space    used 1698K, capacity 1748K, committed 1792K, reserved 1048576K
}
Event: 65.067 GC heap before
{Heap before GC invocations=3 (full 0):
 def new generation   total 19008K, used 19008K [0x00000000c2400000, 0x00000000c38a0000, 0x00000000d6d50000)
  eden space 16896K, 100% used [0x00000000c2400000, 0x00000000c3480000, 0x00000000c3480000)
  from space 2112K, 100% used [0x00000000c3690000, 0x00000000c38a0000, 0x00000000c38a0000)
  to   space 2112K,   0% used [0x00000000c3480000, 0x00000000c3480000, 0x00000000c3690000)
 tenured generation   total 42368K, used 3389K [0x00000000d6d50000, 0x00000000d96b0000, 0x0000000100000000)
   the space 42368K,   8% used [0x00000000d6d50000, 0x00000000d709f6b0, 0x00000000d709f800, 0x00000000d96b0000)
 Metaspace       used 16634K, capacity 16942K, committed 17152K, reserved 1064960K
  class space    used 2192K, capacity 2297K, committed 2304K, reserved 1048576K
Event: 65.232 GC heap after
Heap after GC invocations=4 (full 0):
 def new generation   total 19008K, used 2112K [0x00000000c2400000, 0x00000000c38a0000, 0x00000000d6d50000)
  eden space 16896K,   0% used [0x00000000c2400000, 0x00000000c2400000, 0x00000000c3480000)
  from space 2112K, 100% used [0x00000000c3480000, 0x00000000c3690000, 0x00000000c3690000)
  to   space 2112K,   0% used [0x00000000c3690000, 0x00000000c3690000, 0x00000000c38a0000)
 tenured generation   total 42368K, used 5229K [0x00000000d6d50000, 0x00000000d96b0000, 0x0000000100000000)
   the space 42368K,  12% used [0x00000000d6d50000, 0x00000000d726b408, 0x00000000d726b600, 0x00000000d96b0000)
 Metaspace       used 16634K, capacity 16942K, committed 17152K, reserved 1064960K
  class space    used 2192K, capacity 2297K, committed 2304K, reserved 1048576K
}

Deoptimization events (10 events):
Event: 17.197 Thread 0x00007f006c00c800 Uncommon trap: reason=bimorphic action=maybe_recompile pc=0x00007f005d2cc784 method=java.net.URL.<init>(Ljava/net/URL;Ljava/lang/String;Ljava/net/URLStreamHandler;)V @ 504
Event: 17.232 Thread 0x00007f006c00c800 Uncommon trap: reason=unstable_if action=reinterpret pc=0x00007f005d32b02c method=java.net.URLStreamHandler.parseURL(Ljava/net/URL;Ljava/lang/String;II)V @ 690
Event: 23.295 Thread 0x00007f006c00c800 Uncommon trap: reason=unstable_if action=reinterpret pc=0x00007f005d1fe784 method=sun.misc.MetaIndex.mayContain(Ljava/lang/String;)Z @ 38
Event: 23.946 Thread 0x00007f006c00c800 Uncommon trap: reason=unstable_if action=reinterpret pc=0x00007f005d3147c8 method=java.util.HashMap.putVal(ILjava/lang/Object;Ljava/lang/Object;ZZ)Ljava/lang/Object; @ 236
Event: 27.562 Thread 0x00007f006c00c800 Uncommon trap: reason=unstable_if action=reinterpret pc=0x00007f005d31e1e0 method=java.lang.CharacterDataLatin1.isWhitespace(I)Z @ 14
Event: 29.254 Thread 0x00007f006c00c800 Uncommon trap: reason=unstable_if action=reinterpret pc=0x00007f005d16d34c method=java.lang.String.startsWith(Ljava/lang/String;I)Z @ 25
Event: 35.983 Thread 0x00007f006c00c800 Uncommon trap: reason=unstable_if action=reinterpret pc=0x00007f005d3c866c method=java.util.LinkedHashMap.get(Ljava/lang/Object;)Ljava/lang/Object; @ 20
Event: 37.194 Thread 0x00007f006c00c800 Uncommon trap: reason=unstable_if action=reinterpret pc=0x00007f005d3ca284 method=java.io.ByteArrayInputStream.read()I @ 8
Event: 46.496 Thread 0x00007f006c00c800 Uncommon trap: reason=bimorphic action=maybe_recompile pc=0x00007f005d2cc784 method=java.net.URL.<init>(Ljava/net/URL;Ljava/lang/String;Ljava/net/URLStreamHandler;)V @ 504
Event: 63.873 Thread 0x00007f006c00c800 Uncommon trap: reason=bimorphic action=maybe_recompile pc=0x00007f005d2cc784 method=java.net.URL.<init>(Ljava/net/URL;Ljava/lang/String;Ljava/net/URLStreamHandler;)V @ 504

Classes redefined (0 events):
No events

Internal exceptions (10 events):
Event: 2.375 Thread 0x00007f006c00c800 Exception <a 'java/security/PrivilegedActionException'> (0x00000000c2726640) thrown at [/HUDSON/workspace/8-2-build-linux-amd64/jdk8u191/11894/hotspot/src/share/vm/prims/jvm.cpp, line 1435]
Event: 2.376 Thread 0x00007f006c00c800 Exception <a 'java/security/PrivilegedActionException'> (0x00000000c2728aa8) thrown at [/HUDSON/workspace/8-2-build-linux-amd64/jdk8u191/11894/hotspot/src/share/vm/prims/jvm.cpp, line 1435]
Event: 2.376 Thread 0x00007f006c00c800 Exception <a 'java/security/PrivilegedActionException'> (0x00000000c2728cb8) thrown at [/HUDSON/workspace/8-2-build-linux-amd64/jdk8u191/11894/hotspot/src/share/vm/prims/jvm.cpp, line 1435]
Event: 6.907 Thread 0x00007f006c00c800 Exception <a 'java/lang/ArrayIndexOutOfBoundsException': 65> (0x00000000c3222890) thrown at [/HUDSON/workspace/8-2-build-linux-amd64/jdk8u191/11894/hotspot/src/share/vm/interpreter/interpreterRuntime.cpp, line 366]
Event: 6.920 Thread 0x00007f006c00c800 Exception <a 'java/lang/ArrayIndexOutOfBoundsException': 60> (0x00000000c3228240) thrown at [/HUDSON/workspace/8-2-build-linux-amd64/jdk8u191/11894/hotspot/src/share/vm/interpreter/interpreterRuntime.cpp, line 366]
Event: 12.660 Thread 0x00007f006c00c800 Implicit null exception at 0x00007f005d2f129b to 0x00007f005d2f1919
Event: 22.114 Thread 0x00007f006c00c800 Exception <a 'java/lang/NoSuchFieldError': method resolution failed> (0x00000000c27bfa58) thrown at [/HUDSON/workspace/8-2-build-linux-amd64/jdk8u191/11894/hotspot/src/share/vm/prims/methodHandles.cpp, line 1167]
Event: 22.117 Thread 0x00007f006c00c800 Exception <a 'java/lang/NoSuchFieldError': method resolution failed> (0x00000000c27cd4e8) thrown at [/HUDSON/workspace/8-2-build-linux-amd64/jdk8u191/11894/hotspot/src/share/vm/prims/methodHandles.cpp, line 1167]
Event: 68.647 Thread 0x00007f006c683800 Exception <a 'java/lang/OutOfMemoryError': unable to create new native thread> (0x00000000c24811f8) thrown at [/HUDSON/workspace/8-2-build-linux-amd64/jdk8u191/11894/hotspot/src/share/vm/prims/jvm.cpp, line 3078]
Event: 68.667 Thread 0x00007f006c683800 Exception <a 'java/lang/OutOfMemoryError'> (0x00000000c24811f8) thrown at [/HUDSON/workspace/8-2-build-linux-amd64/jdk8u191/11894/hotspot/src/share/vm/prims/jvm.cpp, line 1439]

Events (10 events):
Event: 68.551 loading class sun/net/www/protocol/http/HttpURLConnection$3
Event: 68.551 loading class sun/net/www/protocol/http/HttpURLConnection$3 done
Event: 68.551 loading class java/net/ResponseCache
Event: 68.566 loading class java/net/ResponseCache done
Event: 68.594 loading class sun/net/www/protocol/http/HttpURLConnection$7
Event: 68.599 loading class sun/net/www/protocol/http/HttpURLConnection$7 done
Event: 68.642 loading class sun/net/www/http/HttpClient
Event: 68.659 loading class sun/net/NetworkClient
Event: 68.666 loading class sun/net/NetworkClient done
Event: 68.666 loading class sun/net/www/http/HttpClient done


Dynamic libraries:
00400000-00401000 r-xp 00000000 08:01 19130                              /usr/lib/jvm/java-8-oracle/bin/java
00600000-00601000 r--p 00000000 08:01 19130                              /usr/lib/jvm/java-8-oracle/bin/java
00601000-00602000 rw-p 00001000 08:01 19130                              /usr/lib/jvm/java-8-oracle/bin/java
02093000-020b4000 rw-p 00000000 00:00 0                                  [heap]
c2400000-c38a0000 rw-p 00000000 00:00 0 
c38a0000-d6d50000 ---p 00000000 00:00 0 
d6d50000-d96b0000 rw-p 00000000 00:00 0 
d96b0000-100000000 ---p 00000000 00:00 0 
100000000-100260000 rw-p 00000000 00:00 0 
100260000-140000000 ---p 00000000 00:00 0 
7f003c000000-7f003c5e0000 rw-p 00000000 00:00 0 
7f003c5e0000-7f0040000000 ---p 00000000 00:00 0 
7f0040000000-7f0040021000 rw-p 00000000 00:00 0 
7f0040021000-7f0044000000 ---p 00000000 00:00 0 
7f0044000000-7f004476d000 rw-p 00000000 00:00 0 
7f004476d000-7f0048000000 ---p 00000000 00:00 0 
7f0048000000-7f0048021000 rw-p 00000000 00:00 0 
7f0048021000-7f004c000000 ---p 00000000 00:00 0 
7f004e7c6000-7f004e7e2000 r--s 00393000 08:01 143409                     /usr/lib/jvm/java-8-oracle/jre/lib/ext/cldrdata.jar
7f004e7e2000-7f004e7e5000 ---p 00000000 00:00 0 
7f004e7e5000-7f004e8e3000 rw-p 00000000 00:00 0 
7f004e8e3000-7f004e8e6000 ---p 00000000 00:00 0 
7f004e8e6000-7f004ea64000 rw-p 00000000 00:00 0 
7f004eaa4000-7f004ebe4000 ---p 00000000 00:00 0 
7f004ebe4000-7f004ebfb000 r-xp 00000000 08:01 137538                     /lib/x86_64-linux-gnu/libgcc_s.so.1
7f004ebfb000-7f004edfa000 ---p 00017000 08:01 137538                     /lib/x86_64-linux-gnu/libgcc_s.so.1
7f004edfa000-7f004edfb000 r--p 00016000 08:01 137538                     /lib/x86_64-linux-gnu/libgcc_s.so.1
7f004edfb000-7f004edfc000 rw-p 00017000 08:01 137538                     /lib/x86_64-linux-gnu/libgcc_s.so.1
7f004edff000-7f004ee09000 r--s 00116000 08:01 143423                     /usr/lib/jvm/java-8-oracle/jre/lib/ext/localedata.jar
7f004ee09000-7f004ee0e000 r--s 0003f000 08:01 143425                     /usr/lib/jvm/java-8-oracle/jre/lib/ext/sunjce_provider.jar
7f004ee0e000-7f004ee46000 r-xp 00000000 08:01 143876                     /usr/lib/jvm/java-8-oracle/jre/lib/amd64/libsunec.so
7f004ee46000-7f004f045000 ---p 00038000 08:01 143876                     /usr/lib/jvm/java-8-oracle/jre/lib/amd64/libsunec.so
7f004f045000-7f004f04a000 r--p 00037000 08:01 143876                     /usr/lib/jvm/java-8-oracle/jre/lib/amd64/libsunec.so
7f004f04a000-7f004f04c000 rw-p 0003c000 08:01 143876                     /usr/lib/jvm/java-8-oracle/jre/lib/amd64/libsunec.so
7f004f04c000-7f004f05d000 r-xp 00000000 08:01 149551                     /usr/lib/jvm/java-8-oracle/jre/lib/amd64/libnio.so
7f004f05d000-7f004f25c000 ---p 00011000 08:01 149551                     /usr/lib/jvm/java-8-oracle/jre/lib/amd64/libnio.so
7f004f25c000-7f004f25d000 r--p 00010000 08:01 149551                     /usr/lib/jvm/java-8-oracle/jre/lib/amd64/libnio.so
7f004f25d000-7f004f25e000 rw-p 00011000 08:01 149551                     /usr/lib/jvm/java-8-oracle/jre/lib/amd64/libnio.so
7f004f25e000-7f004f260000 r--s 00009000 08:01 143405                     /usr/lib/jvm/java-8-oracle/jre/lib/ext/sunec.jar
7f004f260000-7f004f264000 r--s 0003a000 08:01 143419                     /usr/lib/jvm/java-8-oracle/jre/lib/ext/sunpkcs11.jar
7f004f264000-7f004f267000 r--s 0001a000 08:01 143289                     /usr/lib/jvm/java-8-oracle/jre/lib/jce.jar
7f004f267000-7f004f467000 rw-p 00000000 00:00 0 
7f004f467000-7f004f667000 rw-p 00000000 00:00 0 
7f004f667000-7f004f867000 rw-p 00000000 00:00 0 
7f004f867000-7f004f86c000 r--s 000a0000 08:01 143277                     /usr/lib/jvm/java-8-oracle/jre/lib/jsse.jar
7f004f86c000-7f004f86f000 ---p 00000000 00:00 0 
7f004f86f000-7f004f96d000 rw-p 00000000 00:00 0 
7f004f96d000-7f004f983000 r-xp 00000000 08:01 149545                     /usr/lib/jvm/java-8-oracle/jre/lib/amd64/libnet.so
7f004f983000-7f004fb82000 ---p 00016000 08:01 149545                     /usr/lib/jvm/java-8-oracle/jre/lib/amd64/libnet.so
7f004fb82000-7f004fb83000 r--p 00015000 08:01 149545                     /usr/lib/jvm/java-8-oracle/jre/lib/amd64/libnet.so
7f004fb83000-7f004fb84000 rw-p 00016000 08:01 149545                     /usr/lib/jvm/java-8-oracle/jre/lib/amd64/libnet.so
7f004fb84000-7f004fb87000 r--s 0001b000 08:01 302789                     /home/mahbub/.m2/repository/junit/junit/3.8.1/junit-3.8.1.jar
7f004fb87000-7f004fb88000 r--s 00002000 08:01 435687                     /home/mahbub/.m2/repository/info/cukes/cucumber-testng/1.2.5/cucumber-testng-1.2.5.jar
7f004fb88000-7f004fb90000 r--s 001a4000 08:01 435449                     /home/mahbub/.m2/repository/info/cukes/gherkin/2.12.2/gherkin-2.12.2.jar
7f004fb90000-7f004fba0000 r--s 00084000 08:01 435446                     /home/mahbub/.m2/repository/info/cukes/cucumber-jvm-deps/1.0.5/cucumber-jvm-deps-1.0.5.jar
7f004fba0000-7f004fba5000 r--s 00033000 08:01 433100                     /home/mahbub/.m2/repository/info/cukes/cucumber-core/1.2.5/cucumber-core-1.2.5.jar
7f004fba5000-7f004fbb0000 r--s 00030000 08:01 433096                     /home/mahbub/.m2/repository/info/cukes/cucumber-java/1.2.5/cucumber-java-1.2.5.jar
7f004fbb0000-7f004fbb5000 r--s 0005a000 08:01 435455                     /home/mahbub/.m2/repository/org/apache-extras/beanshell/bsh/2.0b6/bsh-2.0b6.jar
7f004fbb5000-7f004fbca000 r--s 000b9000 08:01 435451                     /home/mahbub/.m2/repository/org/testng/testng/6.14.3/testng-6.14.3.jar
7f004fbca000-7f004fbfc000 r--s 0026b000 08:01 413683                     /home/mahbub/.m2/repository/com/google/guava/guava/25.0-jre/guava-25.0-jre.jar
7f004fbfc000-7f004fbfd000 ---p 00000000 00:00 0 
7f004fbfd000-7f004fcfd000 rw-p 00000000 00:00 0 
7f004fcfd000-7f004fd00000 ---p 00000000 00:00 0 
7f004fd00000-7f004fdfe000 rw-p 00000000 00:00 0 
7f004fdfe000-7f004fdff000 ---p 00000000 00:00 0 
7f004fdff000-7f004fe02000 ---p 00000000 00:00 0 
7f004fe02000-7f004feff000 rw-p 00000000 00:00 0 
7f004feff000-7f004ff00000 ---p 00000000 00:00 0 
7f004ff00000-7f004ff03000 ---p 00000000 00:00 0 
7f004ff03000-7f0050000000 rw-p 00000000 00:00 0 
7f0050000000-7f0050021000 rw-p 00000000 00:00 0 
7f0050021000-7f0054000000 ---p 00000000 00:00 0 
7f0054000000-7f0054021000 rw-p 00000000 00:00 0 
7f0054021000-7f0058000000 ---p 00000000 00:00 0 
7f0058000000-7f0058041000 rw-p 00000000 00:00 0 
7f0058041000-7f005c000000 ---p 00000000 00:00 0 
7f005c000000-7f005c001000 r--s 00009000 08:01 433110                     /home/mahbub/.m2/repository/info/cukes/cucumber-html/0.2.3/cucumber-html-0.2.3.jar
7f005c001000-7f005c003000 r--s 0000f000 08:01 435453                     /home/mahbub/.m2/repository/com/beust/jcommander/1.72/jcommander-1.72.jar
7f005c003000-7f005c008000 r--s 00060000 08:01 400681                     /home/mahbub/.m2/repository/com/squareup/okhttp3/okhttp/3.11.0/okhttp-3.11.0.jar
7f005c008000-7f005c00a000 r--s 00001000 08:01 413732                     /home/mahbub/.m2/repository/com/google/j2objc/j2objc-annotations/1.1/j2objc-annotations-1.1.jar
7f005c00a000-7f005c00c000 r--s 00002000 08:01 413720                     /home/mahbub/.m2/repository/com/google/errorprone/error_prone_annotations/2.1.3/error_prone_annotations-2.1.3.jar
7f005c00c000-7f005c00e000 r--s 00006000 08:01 413703                     /home/mahbub/.m2/repository/org/checkerframework/checker-compat-qual/2.0.0/checker-compat-qual-2.0.0.jar
7f005c00e000-7f005c011000 r--s 00006000 08:01 413685                     /home/mahbub/.m2/repository/com/google/code/findbugs/jsr305/1.3.9/jsr305-1.3.9.jar
7f005c011000-7f005c013000 r--s 0000c000 08:01 304529                     /home/mahbub/.m2/repository/org/apache/commons/commons-exec/1.3/commons-exec-1.3.jar
7f005c013000-7f005c053000 r--s 0029a000 08:01 304536                     /home/mahbub/.m2/repository/net/bytebuddy/byte-buddy/1.8.15/byte-buddy-1.8.15.jar
7f005c053000-7f005c056000 ---p 00000000 00:00 0 
7f005c056000-7f005c154000 rw-p 00000000 00:00 0 
7f005c154000-7f005cb23000 r--p 00000000 08:01 2518                       /usr/lib/locale/locale-archive
7f005cb23000-7f005cb26000 ---p 00000000 00:00 0 
7f005cb26000-7f005cc24000 rw-p 00000000 00:00 0 
7f005cc24000-7f005cc27000 ---p 00000000 00:00 0 
7f005cc27000-7f005cd25000 rw-p 00000000 00:00 0 
7f005cd25000-7f005cd26000 ---p 00000000 00:00 0 
7f005cd26000-7f005ce26000 rw-p 00000000 00:00 0 
7f005ce26000-7f005d000000 r--s 03d6c000 08:01 143267                     /usr/lib/jvm/java-8-oracle/jre/lib/rt.jar
7f005d000000-7f005d490000 rwxp 00000000 00:00 0 
7f005d490000-7f006c000000 ---p 00000000 00:00 0 
7f006c000000-7f006c6b6000 rw-p 00000000 00:00 0 
7f006c6b6000-7f0070000000 ---p 00000000 00:00 0 
7f0070000000-7f0070001000 r--s 00014000 08:01 400685                     /home/mahbub/.m2/repository/com/squareup/okio/okio/1.14.0/okio-1.14.0.jar
7f0070001000-7f0070005000 r--s 00021000 08:01 400912                     /home/mahbub/.m2/repository/org/seleniumhq/selenium/selenium-support/3.141.59/selenium-support-3.141.59.jar
7f0070005000-7f007087b000 rw-p 00000000 00:00 0 
7f007087b000-7f0070890000 rw-p 00000000 00:00 0 
7f0070890000-7f00709c5000 ---p 00000000 00:00 0 
7f00709c5000-7f00709d0000 rw-p 00000000 00:00 0 
7f00709d0000-7f0070a69000 ---p 00000000 00:00 0 
7f0070a69000-7f0070a7f000 rw-p 00000000 00:00 0 
7f0070a7f000-7f0070bb3000 ---p 00000000 00:00 0 
7f0070bb3000-7f0070bc7000 rw-p 00000000 00:00 0 
7f0070bc7000-7f0070f74000 ---p 00000000 00:00 0 
7f0070f74000-7f0070f8e000 r-xp 00000000 08:01 149537                     /usr/lib/jvm/java-8-oracle/jre/lib/amd64/libzip.so
7f0070f8e000-7f007118e000 ---p 0001a000 08:01 149537                     /usr/lib/jvm/java-8-oracle/jre/lib/amd64/libzip.so
7f007118e000-7f007118f000 r--p 0001a000 08:01 149537                     /usr/lib/jvm/java-8-oracle/jre/lib/amd64/libzip.so
7f007118f000-7f0071190000 rw-p 0001b000 08:01 149537                     /usr/lib/jvm/java-8-oracle/jre/lib/amd64/libzip.so
7f0071190000-7f007119b000 r-xp 00000000 08:01 137993                     /lib/x86_64-linux-gnu/libnss_files-2.27.so
7f007119b000-7f007139a000 ---p 0000b000 08:01 137993                     /lib/x86_64-linux-gnu/libnss_files-2.27.so
7f007139a000-7f007139b000 r--p 0000a000 08:01 137993                     /lib/x86_64-linux-gnu/libnss_files-2.27.so
7f007139b000-7f007139c000 rw-p 0000b000 08:01 137993                     /lib/x86_64-linux-gnu/libnss_files-2.27.so
7f007139c000-7f00713a2000 rw-p 00000000 00:00 0 
7f00713a2000-7f00713b9000 r-xp 00000000 08:01 137987                     /lib/x86_64-linux-gnu/libnsl-2.27.so
7f00713b9000-7f00715b8000 ---p 00017000 08:01 137987                     /lib/x86_64-linux-gnu/libnsl-2.27.so
7f00715b8000-7f00715b9000 r--p 00016000 08:01 137987                     /lib/x86_64-linux-gnu/libnsl-2.27.so
7f00715b9000-7f00715ba000 rw-p 00017000 08:01 137987                     /lib/x86_64-linux-gnu/libnsl-2.27.so
7f00715ba000-7f00715bc000 rw-p 00000000 00:00 0 
7f00715bc000-7f00715c7000 r-xp 00000000 08:01 138004                     /lib/x86_64-linux-gnu/libnss_nis-2.27.so
7f00715c7000-7f00717c6000 ---p 0000b000 08:01 138004                     /lib/x86_64-linux-gnu/libnss_nis-2.27.so
7f00717c6000-7f00717c7000 r--p 0000a000 08:01 138004                     /lib/x86_64-linux-gnu/libnss_nis-2.27.so
7f00717c7000-7f00717c8000 rw-p 0000b000 08:01 138004                     /lib/x86_64-linux-gnu/libnss_nis-2.27.so
7f00717c8000-7f00717d0000 r-xp 00000000 08:01 137989                     /lib/x86_64-linux-gnu/libnss_compat-2.27.so
7f00717d0000-7f00719d0000 ---p 00008000 08:01 137989                     /lib/x86_64-linux-gnu/libnss_compat-2.27.so
7f00719d0000-7f00719d1000 r--p 00008000 08:01 137989                     /lib/x86_64-linux-gnu/libnss_compat-2.27.so
7f00719d1000-7f00719d2000 rw-p 00009000 08:01 137989                     /lib/x86_64-linux-gnu/libnss_compat-2.27.so
7f00719d2000-7f00719ff000 r-xp 00000000 08:01 149525                     /usr/lib/jvm/java-8-oracle/jre/lib/amd64/libjava.so
7f00719ff000-7f0071bfe000 ---p 0002d000 08:01 149525                     /usr/lib/jvm/java-8-oracle/jre/lib/amd64/libjava.so
7f0071bfe000-7f0071bff000 r--p 0002c000 08:01 149525                     /usr/lib/jvm/java-8-oracle/jre/lib/amd64/libjava.so
7f0071bff000-7f0071c01000 rw-p 0002d000 08:01 149525                     /usr/lib/jvm/java-8-oracle/jre/lib/amd64/libjava.so
7f0071c01000-7f0071c0e000 r-xp 00000000 08:01 149535                     /usr/lib/jvm/java-8-oracle/jre/lib/amd64/libverify.so
7f0071c0e000-7f0071e0d000 ---p 0000d000 08:01 149535                     /usr/lib/jvm/java-8-oracle/jre/lib/amd64/libverify.so
7f0071e0d000-7f0071e0f000 r--p 0000c000 08:01 149535                     /usr/lib/jvm/java-8-oracle/jre/lib/amd64/libverify.so
7f0071e0f000-7f0071e10000 rw-p 0000e000 08:01 149535                     /usr/lib/jvm/java-8-oracle/jre/lib/amd64/libverify.so
7f0071e10000-7f0071e17000 r-xp 00000000 08:01 138044                     /lib/x86_64-linux-gnu/librt-2.27.so
7f0071e17000-7f0072016000 ---p 00007000 08:01 138044                     /lib/x86_64-linux-gnu/librt-2.27.so
7f0072016000-7f0072017000 r--p 00006000 08:01 138044                     /lib/x86_64-linux-gnu/librt-2.27.so
7f0072017000-7f0072018000 rw-p 00007000 08:01 138044                     /lib/x86_64-linux-gnu/librt-2.27.so
7f0072018000-7f00721b5000 r-xp 00000000 08:01 137966                     /lib/x86_64-linux-gnu/libm-2.27.so
7f00721b5000-7f00723b4000 ---p 0019d000 08:01 137966                     /lib/x86_64-linux-gnu/libm-2.27.so
7f00723b4000-7f00723b5000 r--p 0019c000 08:01 137966                     /lib/x86_64-linux-gnu/libm-2.27.so
7f00723b5000-7f00723b6000 rw-p 0019d000 08:01 137966                     /lib/x86_64-linux-gnu/libm-2.27.so
7f00723b6000-7f0073098000 r-xp 00000000 08:01 149489                     /usr/lib/jvm/java-8-oracle/jre/lib/amd64/server/libjvm.so
7f0073098000-7f0073298000 ---p 00ce2000 08:01 149489                     /usr/lib/jvm/java-8-oracle/jre/lib/amd64/server/libjvm.so
7f0073298000-7f007332e000 r--p 00ce2000 08:01 149489                     /usr/lib/jvm/java-8-oracle/jre/lib/amd64/server/libjvm.so
7f007332e000-7f007335f000 rw-p 00d78000 08:01 149489                     /usr/lib/jvm/java-8-oracle/jre/lib/amd64/server/libjvm.so
7f007335f000-7f007339a000 rw-p 00000000 00:00 0 
7f007339a000-7f0073581000 r-xp 00000000 08:01 137903                     /lib/x86_64-linux-gnu/libc-2.27.so
7f0073581000-7f0073781000 ---p 001e7000 08:01 137903                     /lib/x86_64-linux-gnu/libc-2.27.so
7f0073781000-7f0073785000 r--p 001e7000 08:01 137903                     /lib/x86_64-linux-gnu/libc-2.27.so
7f0073785000-7f0073787000 rw-p 001eb000 08:01 137903                     /lib/x86_64-linux-gnu/libc-2.27.so
7f0073787000-7f007378b000 rw-p 00000000 00:00 0 
7f007378b000-7f007378e000 r-xp 00000000 08:01 137926                     /lib/x86_64-linux-gnu/libdl-2.27.so
7f007378e000-7f007398d000 ---p 00003000 08:01 137926                     /lib/x86_64-linux-gnu/libdl-2.27.so
7f007398d000-7f007398e000 r--p 00002000 08:01 137926                     /lib/x86_64-linux-gnu/libdl-2.27.so
7f007398e000-7f007398f000 rw-p 00003000 08:01 137926                     /lib/x86_64-linux-gnu/libdl-2.27.so
7f007398f000-7f00739a6000 r-xp 00000000 08:01 141706                     /usr/lib/jvm/java-8-oracle/lib/amd64/jli/libjli.so
7f00739a6000-7f0073ba5000 ---p 00017000 08:01 141706                     /usr/lib/jvm/java-8-oracle/lib/amd64/jli/libjli.so
7f0073ba5000-7f0073ba6000 r--p 00016000 08:01 141706                     /usr/lib/jvm/java-8-oracle/lib/amd64/jli/libjli.so
7f0073ba6000-7f0073ba7000 rw-p 00017000 08:01 141706                     /usr/lib/jvm/java-8-oracle/lib/amd64/jli/libjli.so
7f0073ba7000-7f0073bc1000 r-xp 00000000 08:01 138036                     /lib/x86_64-linux-gnu/libpthread-2.27.so
7f0073bc1000-7f0073dc0000 ---p 0001a000 08:01 138036                     /lib/x86_64-linux-gnu/libpthread-2.27.so
7f0073dc0000-7f0073dc1000 r--p 00019000 08:01 138036                     /lib/x86_64-linux-gnu/libpthread-2.27.so
7f0073dc1000-7f0073dc2000 rw-p 0001a000 08:01 138036                     /lib/x86_64-linux-gnu/libpthread-2.27.so
7f0073dc2000-7f0073dc6000 rw-p 00000000 00:00 0 
7f0073dc6000-7f0073ded000 r-xp 00000000 08:01 137875                     /lib/x86_64-linux-gnu/ld-2.27.so
7f0073ded000-7f0073dee000 r--s 00000000 08:01 304543                     /home/mahbub/.m2/repository/org/codehaus/mojo/animal-sniffer-annotations/1.14/animal-sniffer-annotations-1.14.jar
7f0073dee000-7f0073def000 r--s 00003000 08:01 400931                     /home/mahbub/.m2/repository/org/seleniumhq/selenium/selenium-safari-driver/3.141.59/selenium-safari-driver-3.141.59.jar
7f0073def000-7f0073df5000 r--s 0004c000 08:01 290614                     /home/mahbub/.m2/repository/org/seleniumhq/selenium/selenium-remote-driver/3.141.59/selenium-remote-driver-3.141.59.jar
7f0073df5000-7f0073df6000 r--s 00002000 08:01 400927                     /home/mahbub/.m2/repository/org/seleniumhq/selenium/selenium-opera-driver/3.141.59/selenium-opera-driver-3.141.59.jar
7f0073df6000-7f0073df8000 r--s 00003000 08:01 290612                     /home/mahbub/.m2/repository/org/seleniumhq/selenium/selenium-ie-driver/3.141.59/selenium-ie-driver-3.141.59.jar
7f0073df8000-7f0073dfa000 r--s 000c4000 08:01 290608                     /home/mahbub/.m2/repository/org/seleniumhq/selenium/selenium-firefox-driver/3.141.59/selenium-firefox-driver-3.141.59.jar
7f0073dfa000-7f0073dfb000 r--s 00001000 08:01 290603                     /home/mahbub/.m2/repository/org/seleniumhq/selenium/selenium-edge-driver/3.141.59/selenium-edge-driver-3.141.59.jar
7f0073dfb000-7f0073dfd000 r--s 00002000 08:01 290605                     /home/mahbub/.m2/repository/org/seleniumhq/selenium/selenium-chrome-driver/3.141.59/selenium-chrome-driver-3.141.59.jar
7f0073dfd000-7f0073e03000 r--s 00027000 08:01 290602                     /home/mahbub/.m2/repository/org/seleniumhq/selenium/selenium-api/3.141.59/selenium-api-3.141.59.jar
7f0073e03000-7f0073e04000 r--s 00000000 08:01 290604                     /home/mahbub/.m2/repository/org/seleniumhq/selenium/selenium-java/3.141.59/selenium-java-3.141.59.jar
7f0073e04000-7f0073ed6000 rw-p 00000000 00:00 0 
7f0073ed6000-7f0073ed7000 ---p 00000000 00:00 0 
7f0073ed7000-7f0073eda000 ---p 00000000 00:00 0 
7f0073eda000-7f0073fdb000 rw-p 00000000 00:00 0 
7f0073fdb000-7f0073fe3000 r--s 00048000 08:01 562845                     /home/mahbub/eclipse/java-2018-09/eclipse/configuration/org.eclipse.osgi/557/0/.cp/lib/testng-remote.jar
7f0073fe3000-7f0073feb000 rw-s 00000000 08:01 81880                      /tmp/hsperfdata_mahbub/4773
7f0073feb000-7f0073fec000 rw-p 00000000 00:00 0 
7f0073fec000-7f0073fed000 ---p 00000000 00:00 0 
7f0073fed000-7f0073fee000 r--p 00027000 08:01 137875                     /lib/x86_64-linux-gnu/ld-2.27.so
7f0073fee000-7f0073fef000 rw-p 00028000 08:01 137875                     /lib/x86_64-linux-gnu/ld-2.27.so
7f0073fef000-7f0073ff0000 rw-p 00000000 00:00 0 
7ffd6cfdc000-7ffd6cffe000 rw-p 00000000 00:00 0                          [stack]
7ffd6d1b8000-7ffd6d1bb000 r--p 00000000 00:00 0                          [vvar]
7ffd6d1bb000-7ffd6d1bd000 r-xp 00000000 00:00 0                          [vdso]
ffffffffff600000-ffffffffff601000 r-xp 00000000 00:00 0                  [vsyscall]

VM Arguments:
jvm_args: -ea -Dfile.encoding=UTF-8 
java_command: org.testng.remote.RemoteTestNG -serport 43343 -protocol json -d /home/mahbub/eclipse-workspace/FRWork/test-output /home/mahbub/eclipse-workspace/FRWork/Config/TestNG.xml
java_class_path (initial): /home/mahbub/eclipse/java-2018-09/eclipse/configuration/org.eclipse.osgi/557/0/.cp/lib/testng-remote.jar:/home/mahbub/eclipse-workspace/FRWork/target/test-classes:/home/mahbub/eclipse-workspace/FRWork/target/classes:/home/mahbub/.m2/repository/org/seleniumhq/selenium/selenium-java/3.141.59/selenium-java-3.141.59.jar:/home/mahbub/.m2/repository/org/seleniumhq/selenium/selenium-api/3.141.59/selenium-api-3.141.59.jar:/home/mahbub/.m2/repository/org/seleniumhq/selenium/selenium-chrome-driver/3.141.59/selenium-chrome-driver-3.141.59.jar:/home/mahbub/.m2/repository/org/seleniumhq/selenium/selenium-edge-driver/3.141.59/selenium-edge-driver-3.141.59.jar:/home/mahbub/.m2/repository/org/seleniumhq/selenium/selenium-firefox-driver/3.141.59/selenium-firefox-driver-3.141.59.jar:/home/mahbub/.m2/repository/org/seleniumhq/selenium/selenium-ie-driver/3.141.59/selenium-ie-driver-3.141.59.jar:/home/mahbub/.m2/repository/org/seleniumhq/selenium/selenium-opera-driver/3.141.59/selenium-opera-driver-3.141.59.jar:/home/mahbub/.m2/repository/org/seleniumhq/selenium/selenium-remote-driver/3.141.59/selenium-remote-driver-3.141.59.jar:/home/mahbub/.m2/repository/org/seleniumhq/selenium/selenium-safari-driver/3.141.59/selenium-safari-driver-3.141.59.jar:/home/mahbub/.m2/repository/org/seleniumhq/selenium/selenium-support/3.141.59/selenium-support-3.141.59.jar:/home/mahbub/.m2/repository/net/bytebuddy/byte-buddy/1.8.15/byte-buddy-1.8.15.jar:/home/mahbub/.m2/repository/org/apache/commons/commons-exec/1.3/commons-exec-1.3.jar:/home/mahbub/.m2/repository/com/google/guava/guava/25.0-jre/guava-25.0-jre.jar:/home/mahbub/.m2/repository/com/google/code/findbugs/jsr305/1.3.9/jsr305-1.3.9.jar:/home/mahbub/.m2/repository/org/checkerframework/checker-compat-qual/2.0.0/checker-compat-qual-2.0.0.jar:/home/mahbub/.m2/repository/com/google/errorprone/error_prone_annotations/2.1.3/error_prone_annotations-2.1.3.jar:/home/mahbub/.m2/repository/com/google/j2objc/j2objc-annotations/1.1/
Launcher Type: SUN_STANDARD

Environment Variables:
JAVA_HOME=/usr/lib/jvm/java-8-oracle
PATH=/usr/local/sbin:/usr/local/bin:/usr/sbin:/usr/bin:/sbin:/bin:/usr/games:/usr/local/games:/snap/bin:/usr/lib/jvm/java-8-oracle/bin:/usr/lib/jvm/java-8-oracle/db/bin:/usr/lib/jvm/java-8-oracle/jre/bin
USERNAME=mahbub
SHELL=/bin/bash
DISPLAY=:0

Signal Handlers:
SIGSEGV: [libjvm.so+0xaced60], sa_mask[0]=11111111011111111101111111111110, sa_flags=SA_RESTART|SA_SIGINFO
SIGBUS: [libjvm.so+0xaced60], sa_mask[0]=11111111011111111101111111111110, sa_flags=SA_RESTART|SA_SIGINFO
SIGFPE: [libjvm.so+0x907ca0], sa_mask[0]=11111111011111111101111111111110, sa_flags=SA_RESTART|SA_SIGINFO
SIGPIPE: [libjvm.so+0x907ca0], sa_mask[0]=11111111011111111101111111111110, sa_flags=SA_RESTART|SA_SIGINFO
SIGXFSZ: [libjvm.so+0x907ca0], sa_mask[0]=11111111011111111101111111111110, sa_flags=SA_RESTART|SA_SIGINFO
SIGILL: [libjvm.so+0x907ca0], sa_mask[0]=11111111011111111101111111111110, sa_flags=SA_RESTART|SA_SIGINFO
SIGUSR1: SIG_DFL, sa_mask[0]=00000000000000000000000000000000, sa_flags=none
SIGUSR2: [libjvm.so+0x907b70], sa_mask[0]=00100000000000000000000000000000, sa_flags=SA_RESTART|SA_SIGINFO
SIGHUP: [libjvm.so+0x908190], sa_mask[0]=11111111011111111101111111111110, sa_flags=SA_RESTART|SA_SIGINFO
SIGINT: [libjvm.so+0x908190], sa_mask[0]=11111111011111111101111111111110, sa_flags=SA_RESTART|SA_SIGINFO
SIGTERM: [libjvm.so+0x908190], sa_mask[0]=11111111011111111101111111111110, sa_flags=SA_RESTART|SA_SIGINFO
SIGQUIT: [libjvm.so+0x908190], sa_mask[0]=11111111011111111101111111111110, sa_flags=SA_RESTART|SA_SIGINFO


---------------  S Y S T E M  ---------------

OS:DISTRIB_ID=Ubuntu
DISTRIB_RELEASE=18.04
DISTRIB_CODENAME=bionic
DISTRIB_DESCRIPTION="Ubuntu 18.04.1 LTS"

uname:Linux 4.15.0-43-generic #46-Ubuntu SMP Thu Dec 6 14:45:28 UTC 2018 x86_64
libc:glibc 2.27 NPTL 2.27 
rlimit: STACK 8192k, CORE 0k, NPROC 15543, NOFILE 4096, AS infinity
load average:11.62 6.06 3.56

/proc/meminfo:
MemTotal:        4039720 kB
MemFree:           86812 kB
MemAvailable:          0 kB
Buffers:             228 kB
Cached:            89204 kB
SwapCached:          356 kB
Active:          3128848 kB
Inactive:         629108 kB
Active(anon):    3125616 kB
Inactive(anon):   625264 kB
Active(file):       3232 kB
Inactive(file):     3844 kB
Unevictable:          64 kB
Mlocked:              64 kB
SwapTotal:        483800 kB
SwapFree:              0 kB
Dirty:                16 kB
Writeback:             0 kB
AnonPages:       3668404 kB
Mapped:             7600 kB
Shmem:             82200 kB
Slab:              67556 kB
SReclaimable:      25600 kB
SUnreclaim:        41956 kB
KernelStack:       12400 kB
PageTables:        67228 kB
NFS_Unstable:          0 kB
Bounce:                0 kB
WritebackTmp:          0 kB
CommitLimit:     2503660 kB
Committed_AS:   10335684 kB
VmallocTotal:   34359738367 kB
VmallocUsed:           0 kB
VmallocChunk:          0 kB
HardwareCorrupted:     0 kB
AnonHugePages:         0 kB
ShmemHugePages:        0 kB
ShmemPmdMapped:        0 kB
CmaTotal:              0 kB
CmaFree:               0 kB
HugePages_Total:       0
HugePages_Free:        0
HugePages_Rsvd:        0
HugePages_Surp:        0
Hugepagesize:       2048 kB
DirectMap4k:      157632 kB
DirectMap2M:     4036608 kB

container (cgroup) information:
container_type: cgroupv1
cpu_cpuset_cpus: 0
cpu_memory_nodes: 0
active_processor_count: 1
cpu_quota: -1
cpu_period: 100000
cpu_shares: -1
memory_limit_in_bytes: -1
memory_and_swap_limit_in_bytes: -2
memory_soft_limit_in_bytes: -1
memory_usage_in_bytes: 3847692288
memory_max_usage_in_bytes: 0


CPU:total 1 (initial active 1) (1 cores per cpu, 1 threads per core) family 6 model 142 stepping 10, cmov, cx8, fxsr, mmx, sse, sse2, sse3, ssse3, sse4.1, sse4.2, popcnt, avx, avx2, aes, clmul, 3dnowpref, lzcnt, tsc, tscinvbit

/proc/cpuinfo:
processor	: 0
vendor_id	: GenuineIntel
cpu family	: 6
model		: 142
model name	: Intel(R) Core(TM) i5-8250U CPU @ 1.60GHz
stepping	: 10
cpu MHz		: 1800.000
cache size	: 6144 KB
physical id	: 0
siblings	: 1
core id		: 0
cpu cores	: 1
apicid		: 0
initial apicid	: 0
fpu		: yes
fpu_exception	: yes
cpuid level	: 22
wp		: yes
flags		: fpu vme de pse tsc msr pae mce cx8 apic sep mtrr pge mca cmov pat pse36 clflush mmx fxsr sse sse2 syscall nx rdtscp lm constant_tsc rep_good nopl xtopology nonstop_tsc cpuid pni pclmulqdq monitor ssse3 cx16 pcid sse4_1 sse4_2 x2apic movbe popcnt aes xsave avx rdrand hypervisor lahf_lm abm 3dnowprefetch invpcid_single pti fsgsbase avx2 invpcid rdseed clflushopt
bugs		: cpu_meltdown spectre_v1 spectre_v2 spec_store_bypass l1tf
bogomips	: 3600.00
clflush size	: 64
cache_alignment	: 64
address sizes	: 39 bits physical, 48 bits virtual
power management:



Memory: 4k page, physical 4039720k(87228k free), swap 483800k(0k free)

vm_info: Java HotSpot(TM) 64-Bit Server VM (25.191-b12) for linux-amd64 JRE (1.8.0_191-b12), built on Oct  6 2018 05:43:09 by "java_re" with gcc 7.3.0

time: Wed Jan  2 18:56:17 2019
elapsed time: 72 seconds (0d 0h 1m 12s)

